<?xml version="1.0" encoding="UTF-8"?>
<!-- Generated by org.testng.reporters.JUnitReportReporter -->
<testsuite hostname="Avinav-PC" name="com.flipkart.testcases.AddToCartTest" tests="1" failures="0" timestamp="14 Aug 2021 18:46:17 GMT" time="13.043" errors="0">
  <testcase name="loginTest" time="13.043" classname="com.flipkart.testcases.AddToCartTest"/>
</testsuite> <!-- com.flipkart.testcases.AddToCartTest -->
